<?xml version="1.0" encoding="UTF-8"?>
<testsuite name="com.payplatform.payment.integration.PaymentIntegrationTest" tests="1" skipped="0" failures="0" errors="0" timestamp="2026-05-16T12:04:39" hostname="DESKTOP-E5KLR92" time="0.013">
  <properties/>
  <testcase name="contextLoads_withoutDockerDependencies()" classname="com.payplatform.payment.integration.PaymentIntegrationTest" time="0.013"/>
  <system-out><![CDATA[17:34:33.953 [Test worker] INFO org.springframework.test.context.support.AnnotationConfigContextLoaderUtils -- Could not detect default configuration classes for test class [com.payplatform.payment.integration.PaymentIntegrationTest]: PaymentIntegrationTest does not declare any static, non-private, non-final, nested classes annotated with @Configuration.
17:34:34.237 [Test worker] INFO org.springframework.boot.test.context.SpringBootTestContextBootstrapper -- Found @SpringBootConfiguration com.payplatform.payment.PaymentServiceApplication for test class com.payplatform.payment.integration.PaymentIntegrationTest

  .   ____          _            __ _ _
 /\\ / ___'_ __ _ _(_)_ __  __ _ \ \ \ \
( ( )\___ | '_ | '_| | '_ \/ _` | \ \ \ \
 \\/  ___)| |_)| | | | | || (_| |  ) ) ) )
  '  |____| .__|_| |_|_| |_\__, | / / / /
 =========|_|==============|___/=/_/_/_/

 :: Spring Boot ::                (v3.3.2)

2026-05-16T17:34:35.109+05:30  INFO 17592 --- [payment-service] [    Test worker] c.p.p.i.PaymentIntegrationTest           : Starting PaymentIntegrationTest using Java 18.0.1.1 with PID 17592 (started by DIPAYAN DAS in C:\Users\DIPAYAN DAS\Downloads\Saturday-16'26\payment-processing-portfolio-scaffold\payment-processing-portfolio\payment-service)
2026-05-16T17:34:35.150+05:30  INFO 17592 --- [payment-service] [    Test worker] c.p.p.i.PaymentIntegrationTest           : No active profile set, falling back to 1 default profile: "default"
2026-05-16T17:34:39.822+05:30  INFO 17592 --- [payment-service] [    Test worker] c.p.p.i.PaymentIntegrationTest           : Started PaymentIntegrationTest in 5.246 seconds (process running for 12.541)
]]></system-out>
  <system-err><![CDATA[]]></system-err>
</testsuite>
