<?xml version="1.0" encoding="UTF-8"?>
<testsuite name="com.payplatform.payment.application.PaymentServiceIdempotencyTest" tests="1" skipped="0" failures="0" errors="0" timestamp="2026-05-16T12:04:28" hostname="DESKTOP-E5KLR92" time="3.656">
  <properties/>
  <testcase name="shouldReturnCachedResultForDuplicateIdempotencyKey()" classname="com.payplatform.payment.application.PaymentServiceIdempotencyTest" time="3.656"/>
  <system-out><![CDATA[]]></system-out>
  <system-err><![CDATA[]]></system-err>
</testsuite>
